Metal device set to: Apple M1

systemMemory: 16.00 GB
maxCacheSize: 5.33 GB

2022-04-30 02:28:36.900276: I tensorflow/core/common_runtime/pluggable_device/pluggable_device_factory.cc:305] Could not identify NUMA node of platform GPU ID 0, defaulting to 0. Your kernel may not have been built with NUMA support.
2022-04-30 02:28:36.900361: I tensorflow/core/common_runtime/pluggable_device/pluggable_device_factory.cc:271] Created TensorFlow device (/job:localhost/replica:0/task:0/device:GPU:0 with 0 MB memory) -> physical PluggableDevice (device: 0, name: METAL, pci bus id: <undefined>)
(37, 80)
Model: "model"
_________________________________________________________________
 Layer (type)                Output Shape              Param #   
=================================================================
 input_1 (InputLayer)        [(None, 37, 80, 4)]       0         
                                                                 
 conv2d (Conv2D)             (None, 17, 39, 32)        2080      
                                                                 
 conv2d_1 (Conv2D)           (None, 4, 9, 16)          12816     
                                                                 
 flatten (Flatten)           (None, 576)               0         
                                                                 
 dense (Dense)               (None, 256)               147712    
                                                                 
 dense_1 (Dense)             (None, 5)                 1285      
                                                                 
=================================================================
Total params: 163,893
Trainable params: 163,893
Non-trainable params: 0
_________________________________________________________________
2022-04-30 02:28:37.145119: W tensorflow/core/platform/profile_utils/cpu_utils.cc:128] Failed to get CPU frequency: 0 Hz
2022-04-30 02:28:37.145175: I tensorflow/core/grappler/optimizers/custom_graph_optimizer_registry.cc:113] Plugin optimizer for device_type GPU is enabled.
2022-04-30 02:28:39.047096: W tensorflow/python/util/util.cc:368] Sets are not currently considered sequences, but this may change in the future, so consider avoiding using them.
2022-04-30 02:29:43.563593: I tensorflow/core/grappler/optimizers/custom_graph_optimizer_registry.cc:113] Plugin optimizer for device_type GPU is enabled.
2022-04-30 04:27:16.375643: I tensorflow/core/grappler/optimizers/custom_graph_optimizer_registry.cc:113] Plugin optimizer for device_type GPU is enabled.
2022-04-30 05:03:50.737317: I tensorflow/core/grappler/optimizers/custom_graph_optimizer_registry.cc:113] Plugin optimizer for device_type GPU is enabled.
